<?xml version="1.0" encoding="UTF-8"?>
<!-- Generated by org.testng.reporters.JUnitXMLReporter -->
<testsuite ignored="0" hostname="LAPTOP-3SEJI52O" failures="0" tests="5" name="CreateLead-Chrome" time="167.565" errors="0" timestamp="2022-11-19T21:57:22 IST">
  <testcase classname="com.leaftaps.ui.testcases.CreateLeadTest" name="runCreateLead" time="7.229"/>
  <testcase classname="com.leaftaps.ui.testcases.DeleteLeadTest" name="runDeleteLead" time="14.387"/>
  <testcase classname="com.leaftaps.ui.testcases.DuplicateLeadTest" name="runDeleteLead" time="15.448"/>
  <testcase classname="com.leaftaps.ui.testcases.EditLeadTest" name="runEditLead" time="13.609"/>
  <testcase classname="com.leaftaps.ui.testcases.MergeLeadTest" name="runMergeLead" time="24.056"/>
</testsuite> <!-- CreateLead-Chrome -->
