<?xml version="1.0" encoding="UTF-8"?>
<testng-results ignored="0" total="1" passed="1" failed="0" skipped="0">
  <reporter-output>
  </reporter-output>
  <suite started-at="2022-11-20T13:14:14 IST" name="Leaf Taps Automation" finished-at="2022-11-20T13:14:47 IST" duration-ms="33071">
    <groups>
    </groups>
    <test started-at="2022-11-20T13:14:14 IST" name="LeafTaps-CreateLeadTest" finished-at="2022-11-20T13:14:47 IST" duration-ms="33071">
      <class name="com.leaftaps.ui.testcases.CreateLeadTest">
        <test-method is-config="true" signature="setdata()[pri:0, instance:com.leaftaps.ui.testcases.CreateLeadTest@1a677343]" started-at="2022-11-20T13:14:14 IST" name="setdata" finished-at="2022-11-20T13:14:14 IST" duration-ms="11" status="PASS">
          <reporter-output>
          </reporter-output>
        </test-method> <!-- setdata -->
        <test-method is-config="true" signature="configProperties(java.lang.String)[pri:0, instance:com.leaftaps.ui.testcases.CreateLeadTest@1a677343]" started-at="2022-11-20T13:14:14 IST" name="configProperties" finished-at="2022-11-20T13:14:14 IST" duration-ms="2" status="PASS">
          <params>
            <param index="0">
              <value>
                <![CDATA[french]]>
              </value>
            </param>
          </params>
          <reporter-output>
          </reporter-output>
        </test-method> <!-- configProperties -->
        <test-method is-config="true" signature="launchBrowser(java.lang.String,java.lang.String)[pri:0, instance:com.leaftaps.ui.testcases.CreateLeadTest@1a677343]" started-at="2022-11-20T13:14:14 IST" name="launchBrowser" finished-at="2022-11-20T13:14:23 IST" duration-ms="8134" status="PASS">
          <params>
            <param index="0">
              <value>
                <![CDATA[http://leaftaps.com/opentaps/]]>
              </value>
            </param>
            <param index="1">
              <value>
                <![CDATA[chrome]]>
              </value>
            </param>
          </params>
          <reporter-output>
          </reporter-output>
        </test-method> <!-- launchBrowser -->
        <test-method is-config="true" signature="provideData()[pri:0, instance:com.leaftaps.ui.testcases.CreateLeadTest@1a677343]" started-at="2022-11-20T13:14:23 IST" name="provideData" finished-at="2022-11-20T13:14:23 IST" duration-ms="173" status="PASS">
          <reporter-output>
          </reporter-output>
        </test-method> <!-- provideData -->
        <test-method signature="runCreateLead(java.lang.String,java.lang.String,java.lang.String,java.lang.String,java.lang.String)[pri:0, instance:com.leaftaps.ui.testcases.CreateLeadTest@1a677343]" started-at="2022-11-20T13:14:23 IST" name="runCreateLead" data-provider="provideData" finished-at="2022-11-20T13:14:30 IST" duration-ms="7542" status="PASS">
          <params>
            <param index="0">
              <value>
                <![CDATA[democsr2]]>
              </value>
            </param>
            <param index="1">
              <value>
                <![CDATA[crmsfa]]>
              </value>
            </param>
            <param index="2">
              <value>
                <![CDATA[deloitte]]>
              </value>
            </param>
            <param index="3">
              <value>
                <![CDATA[venkatesh]]>
              </value>
            </param>
            <param index="4">
              <value>
                <![CDATA[balu]]>
              </value>
            </param>
          </params>
          <reporter-output>
          </reporter-output>
        </test-method> <!-- runCreateLead -->
        <test-method is-config="true" signature="Closebrowser()[pri:0, instance:com.leaftaps.ui.testcases.CreateLeadTest@1a677343]" started-at="2022-11-20T13:14:30 IST" name="Closebrowser" finished-at="2022-11-20T13:14:47 IST" duration-ms="16249" status="PASS">
          <reporter-output>
          </reporter-output>
        </test-method> <!-- Closebrowser -->
      </class> <!-- com.leaftaps.ui.testcases.CreateLeadTest -->
    </test> <!-- LeafTaps-CreateLeadTest -->
  </suite> <!-- Leaf Taps Automation -->
</testng-results>
